<?xml version="1.0" encoding="UTF-8"?>
<testsuite name="org.gradle.CalcTest" tests="2" skipped="0" failures="0" errors="0" timestamp="2014-12-14T19:44:02" hostname="TI" time="0.01">
  <properties/>
  <testcase name="testFactorial" classname="org.gradle.CalcTest" time="0.01"/>
  <testcase name="testBinomial" classname="org.gradle.CalcTest" time="0.0"/>
  <system-out><![CDATA[]]></system-out>
  <system-err><![CDATA[]]></system-err>
</testsuite>
